[AutoSync] Thu Aug 21 02:00:01 AM EDT 2025 - pulling latest Genesis...
From github.com:InfinityXone/Genesis
 * branch            master     -> FETCH_HEAD
Already up to date.
[AutoSync] launching swarm...
=== [1] Pull Genesis repo ===
From github.com:InfinityXone/Genesis
 * branch            master     -> FETCH_HEAD
Already up to date.
=== [2] Download latest .env artifact ===
To get started with GitHub CLI, please run:  gh auth login
Alternatively, populate the GH_TOKEN environment variable with a GitHub API authentication token.
[AutoSync] Thu Aug 21 02:15:02 AM EDT 2025 - pulling latest Genesis...
From github.com:InfinityXone/Genesis
 * branch            master     -> FETCH_HEAD
Already up to date.
[AutoSync] launching swarm...
=== [1] Install GitHub CLI if missing ===
=== [2] Download .env from GitHub Actions artifact ===
To get started with GitHub CLI, please run:  gh auth login
Alternatively, populate the GH_TOKEN environment variable with a GitHub API authentication token.
[AutoSync] Thu Aug 21 02:30:01 AM EDT 2025 - pulling latest Genesis...
From github.com:InfinityXone/Genesis
 * branch            master     -> FETCH_HEAD
Already up to date.
[AutoSync] launching swarm...
=== [1] Install GitHub CLI if missing ===
=== [2] Download .env from GitHub Actions artifact ===
To get started with GitHub CLI, please run:  gh auth login
Alternatively, populate the GH_TOKEN environment variable with a GitHub API authentication token.
[AutoSync] Thu Aug 21 02:45:01 AM EDT 2025 - pulling latest Genesis...
From github.com:InfinityXone/Genesis
 * branch            master     -> FETCH_HEAD
Already up to date.
[AutoSync] launching swarm...
=== [1] Install GitHub CLI if missing ===
=== [2] Download .env from GitHub Actions artifact ===
To get started with GitHub CLI, please run:  gh auth login
Alternatively, populate the GH_TOKEN environment variable with a GitHub API authentication token.
[AutoSync] Thu Aug 21 03:00:01 AM EDT 2025 - pulling latest Genesis...
From github.com:InfinityXone/Genesis
 * branch            master     -> FETCH_HEAD
Already up to date.
[AutoSync] launching swarm...
=== [1] Install GitHub CLI if missing ===
=== [2] Download .env from GitHub Actions artifact ===
To get started with GitHub CLI, please run:  gh auth login
Alternatively, populate the GH_TOKEN environment variable with a GitHub API authentication token.
[AutoSync] Thu Aug 21 06:00:01 AM EDT 2025 - pulling latest Genesis...
From github.com:InfinityXone/Genesis
 * branch            master     -> FETCH_HEAD
Already up to date.
[AutoSync] launching swarm...
=== [1] Install GitHub CLI if missing ===
=== [2] Download .env from GitHub Actions artifact ===
To get started with GitHub CLI, please run:  gh auth login
Alternatively, populate the GH_TOKEN environment variable with a GitHub API authentication token.
[AutoSync] Thu Aug 21 07:30:01 AM EDT 2025 - pulling latest Genesis...
From github.com:InfinityXone/Genesis
 * branch            master     -> FETCH_HEAD
Already up to date.
[AutoSync] launching swarm...
=== [1] Install GitHub CLI if missing ===
=== [2] Download .env from GitHub Actions artifact ===
To get started with GitHub CLI, please run:  gh auth login
Alternatively, populate the GH_TOKEN environment variable with a GitHub API authentication token.
[AutoSync] Thu Aug 21 08:15:02 AM EDT 2025 - pulling latest Genesis...
From github.com:InfinityXone/Genesis
 * branch            master     -> FETCH_HEAD
Already up to date.
[AutoSync] launching swarm...
=== [1] Install GitHub CLI if missing ===
=== [2] Download .env from GitHub Actions artifact ===
To get started with GitHub CLI, please run:  gh auth login
Alternatively, populate the GH_TOKEN environment variable with a GitHub API authentication token.
[AutoSync] Thu Aug 21 08:30:01 AM EDT 2025 - pulling latest Genesis...
From github.com:InfinityXone/Genesis
 * branch            master     -> FETCH_HEAD
Already up to date.
[AutoSync] launching swarm...
=== [1] Install GitHub CLI if missing ===
=== [2] Download .env from GitHub Actions artifact ===
To get started with GitHub CLI, please run:  gh auth login
Alternatively, populate the GH_TOKEN environment variable with a GitHub API authentication token.
[AutoSync] Thu Aug 21 08:46:05 AM EDT 2025 - pulling latest Genesis...
From github.com:InfinityXone/Genesis
 * branch            master     -> FETCH_HEAD
Already up to date.
[AutoSync] launching swarm...
=== [1] Install GitHub CLI if missing ===
=== [2] Download .env from GitHub Actions artifact ===
To get started with GitHub CLI, please run:  gh auth login
Alternatively, populate the GH_TOKEN environment variable with a GitHub API authentication token.
[AutoSync] Thu Aug 21 09:00:02 AM EDT 2025 - pulling latest Genesis...
From github.com:InfinityXone/Genesis
 * branch            master     -> FETCH_HEAD
Already up to date.
[AutoSync] launching swarm...
=== [1] Install GitHub CLI if missing ===
=== [2] Download .env from GitHub Actions artifact ===
To get started with GitHub CLI, please run:  gh auth login
Alternatively, populate the GH_TOKEN environment variable with a GitHub API authentication token.
[AutoSync] Thu Aug 21 09:15:01 AM EDT 2025 - pulling latest Genesis...
From github.com:InfinityXone/Genesis
 * branch            master     -> FETCH_HEAD
Already up to date.
[AutoSync] launching swarm...
=== [1] Install GitHub CLI if missing ===
=== [2] Download .env from GitHub Actions artifact ===
To get started with GitHub CLI, please run:  gh auth login
Alternatively, populate the GH_TOKEN environment variable with a GitHub API authentication token.
[AutoSync] Thu Aug 21 09:30:02 AM EDT 2025 - pulling latest Genesis...
From github.com:InfinityXone/Genesis
 * branch            master     -> FETCH_HEAD
Already up to date.
[AutoSync] launching swarm...
=== [1] Install GitHub CLI if missing ===
=== [2] Download .env from GitHub Actions artifact ===
To get started with GitHub CLI, please run:  gh auth login
Alternatively, populate the GH_TOKEN environment variable with a GitHub API authentication token.
[AutoSync] Thu Aug 21 09:45:01 AM EDT 2025 - pulling latest Genesis...
From github.com:InfinityXone/Genesis
 * branch            master     -> FETCH_HEAD
Already up to date.
[AutoSync] launching swarm...
=== [1] Install GitHub CLI if missing ===
=== [2] Download .env from GitHub Actions artifact ===
To get started with GitHub CLI, please run:  gh auth login
Alternatively, populate the GH_TOKEN environment variable with a GitHub API authentication token.
[AutoSync] Thu Aug 21 10:00:06 AM EDT 2025 - pulling latest Genesis...
From github.com:InfinityXone/Genesis
 * branch            master     -> FETCH_HEAD
Already up to date.
[AutoSync] launching swarm...
=== [1] Install GitHub CLI if missing ===
=== [2] Download .env from GitHub Actions artifact ===
To get started with GitHub CLI, please run:  gh auth login
Alternatively, populate the GH_TOKEN environment variable with a GitHub API authentication token.
[AutoSync] Thu Aug 21 10:15:02 AM EDT 2025 - pulling latest Genesis...
From github.com:InfinityXone/Genesis
 * branch            master     -> FETCH_HEAD
Already up to date.
[AutoSync] launching swarm...
=== [1] Install GitHub CLI if missing ===
=== [2] Download .env from GitHub Actions artifact ===
To get started with GitHub CLI, please run:  gh auth login
Alternatively, populate the GH_TOKEN environment variable with a GitHub API authentication token.
[AutoSync] Thu Aug 21 10:30:02 AM EDT 2025 - pulling latest Genesis...
From github.com:InfinityXone/Genesis
 * branch            master     -> FETCH_HEAD
Already up to date.
[AutoSync] launching swarm...
=== [1] Install GitHub CLI if missing ===
=== [2] Download .env from GitHub Actions artifact ===
To get started with GitHub CLI, please run:  gh auth login
Alternatively, populate the GH_TOKEN environment variable with a GitHub API authentication token.
[AutoSync] Thu Aug 21 10:45:02 AM EDT 2025 - pulling latest Genesis...
From github.com:InfinityXone/Genesis
 * branch            master     -> FETCH_HEAD
Already up to date.
[AutoSync] launching swarm...
=== [1] Install GitHub CLI if missing ===
=== [2] Download .env from GitHub Actions artifact ===
To get started with GitHub CLI, please run:  gh auth login
Alternatively, populate the GH_TOKEN environment variable with a GitHub API authentication token.
[AutoSync] Thu Aug 21 11:00:01 AM EDT 2025 - pulling latest Genesis...
From github.com:InfinityXone/Genesis
 * branch            master     -> FETCH_HEAD
Already up to date.
[AutoSync] launching swarm...
=== [1] Install GitHub CLI if missing ===
=== [2] Download .env from GitHub Actions artifact ===
To get started with GitHub CLI, please run:  gh auth login
Alternatively, populate the GH_TOKEN environment variable with a GitHub API authentication token.
[AutoSync] Thu Aug 21 11:15:01 AM EDT 2025 - pulling latest Genesis...
From github.com:InfinityXone/Genesis
 * branch            master     -> FETCH_HEAD
Already up to date.
[AutoSync] launching swarm...
=== [1] Install GitHub CLI if missing ===
=== [2] Download .env from GitHub Actions artifact ===
To get started with GitHub CLI, please run:  gh auth login
Alternatively, populate the GH_TOKEN environment variable with a GitHub API authentication token.
[AutoSync] Thu Aug 21 11:30:02 AM EDT 2025 - pulling latest Genesis...
From github.com:InfinityXone/Genesis
 * branch            master     -> FETCH_HEAD
Already up to date.
[AutoSync] launching swarm...
=== [1] Install GitHub CLI if missing ===
=== [2] Download .env from GitHub Actions artifact ===
To get started with GitHub CLI, please run:  gh auth login
Alternatively, populate the GH_TOKEN environment variable with a GitHub API authentication token.
[AutoSync] Thu Aug 21 11:46:07 AM EDT 2025 - pulling latest Genesis...
From github.com:InfinityXone/Genesis
 * branch            master     -> FETCH_HEAD
Already up to date.
[AutoSync] launching swarm...
=== [1] Install GitHub CLI if missing ===
=== [2] Download .env from GitHub Actions artifact ===
To get started with GitHub CLI, please run:  gh auth login
Alternatively, populate the GH_TOKEN environment variable with a GitHub API authentication token.
[AutoSync] Thu Aug 21 12:03:11 PM EDT 2025 - pulling latest Genesis...
From github.com:InfinityXone/Genesis
 * branch            master     -> FETCH_HEAD
Already up to date.
[AutoSync] launching swarm...
=== [1] Install GitHub CLI if missing ===
=== [2] Download .env from GitHub Actions artifact ===
To get started with GitHub CLI, please run:  gh auth login
Alternatively, populate the GH_TOKEN environment variable with a GitHub API authentication token.
[AutoSync] Thu Aug 21 12:15:14 PM EDT 2025 - pulling latest Genesis...
[AutoSync] Thu Aug 21 12:31:21 PM EDT 2025 - pulling latest Genesis...
From github.com:InfinityXone/Genesis
 * branch            master     -> FETCH_HEAD
Already up to date.
[AutoSync] launching swarm...
=== [1] Install GitHub CLI if missing ===
=== [2] Download .env from GitHub Actions artifact ===
To get started with GitHub CLI, please run:  gh auth login
Alternatively, populate the GH_TOKEN environment variable with a GitHub API authentication token.
From github.com:InfinityXone/Genesis
 * branch            master     -> FETCH_HEAD
Already up to date.
[AutoSync] launching swarm...
=== [1] Install GitHub CLI if missing ===
=== [2] Download .env from GitHub Actions artifact ===
To get started with GitHub CLI, please run:  gh auth login
Alternatively, populate the GH_TOKEN environment variable with a GitHub API authentication token.
[AutoSync] Thu Aug 21 12:45:52 PM EDT 2025 - pulling latest Genesis...
From github.com:InfinityXone/Genesis
 * branch            master     -> FETCH_HEAD
Already up to date.
[AutoSync] launching swarm...
=== [1] Install GitHub CLI if missing ===
=== [2] Download .env from GitHub Actions artifact ===
To get started with GitHub CLI, please run:  gh auth login
Alternatively, populate the GH_TOKEN environment variable with a GitHub API authentication token.
[AutoSync] Thu Aug 21 01:00:06 PM EDT 2025 - pulling latest Genesis...
From github.com:InfinityXone/Genesis
 * branch            master     -> FETCH_HEAD
Already up to date.
[AutoSync] launching swarm...
=== [1] Install GitHub CLI if missing ===
=== [2] Download .env from GitHub Actions artifact ===
To get started with GitHub CLI, please run:  gh auth login
Alternatively, populate the GH_TOKEN environment variable with a GitHub API authentication token.
[AutoSync] Thu Aug 21 01:15:01 PM EDT 2025 - pulling latest Genesis...
From github.com:InfinityXone/Genesis
 * branch            master     -> FETCH_HEAD
Already up to date.
[AutoSync] launching swarm...
=== [1] Install GitHub CLI if missing ===
=== [2] Download .env from GitHub Actions artifact ===
To get started with GitHub CLI, please run:  gh auth login
Alternatively, populate the GH_TOKEN environment variable with a GitHub API authentication token.
[AutoSync] Thu Aug 21 01:30:02 PM EDT 2025 - pulling latest Genesis...
From github.com:InfinityXone/Genesis
 * branch            master     -> FETCH_HEAD
Already up to date.
[AutoSync] launching swarm...
=== [1] Install GitHub CLI if missing ===
=== [2] Download .env from GitHub Actions artifact ===
To get started with GitHub CLI, please run:  gh auth login
Alternatively, populate the GH_TOKEN environment variable with a GitHub API authentication token.
[AutoSync] Thu Aug 21 01:45:01 PM EDT 2025 - pulling latest Genesis...
From github.com:InfinityXone/Genesis
 * branch            master     -> FETCH_HEAD
Already up to date.
[AutoSync] launching swarm...
=== [1] Install GitHub CLI if missing ===
=== [2] Download .env from GitHub Actions artifact ===
To get started with GitHub CLI, please run:  gh auth login
Alternatively, populate the GH_TOKEN environment variable with a GitHub API authentication token.
[AutoSync] Thu Aug 21 02:00:03 PM EDT 2025 - pulling latest Genesis...
From github.com:InfinityXone/Genesis
 * branch            master     -> FETCH_HEAD
Already up to date.
[AutoSync] launching swarm...
=== [1] Install GitHub CLI if missing ===
=== [2] Download .env from GitHub Actions artifact ===
To get started with GitHub CLI, please run:  gh auth login
Alternatively, populate the GH_TOKEN environment variable with a GitHub API authentication token.
[AutoSync] Thu Aug 21 02:15:01 PM EDT 2025 - pulling latest Genesis...
From github.com:InfinityXone/Genesis
 * branch            master     -> FETCH_HEAD
Already up to date.
[AutoSync] launching swarm...
=== [1] Install GitHub CLI if missing ===
=== [2] Download .env from GitHub Actions artifact ===
To get started with GitHub CLI, please run:  gh auth login
Alternatively, populate the GH_TOKEN environment variable with a GitHub API authentication token.
[AutoSync] Thu Aug 21 02:30:01 PM EDT 2025 - pulling latest Genesis...
From github.com:InfinityXone/Genesis
 * branch            master     -> FETCH_HEAD
Already up to date.
[AutoSync] launching swarm...
=== [1] Install GitHub CLI if missing ===
=== [2] Download .env from GitHub Actions artifact ===
To get started with GitHub CLI, please run:  gh auth login
Alternatively, populate the GH_TOKEN environment variable with a GitHub API authentication token.
[AutoSync] Thu Aug 21 02:45:01 PM EDT 2025 - pulling latest Genesis...
From github.com:InfinityXone/Genesis
 * branch            master     -> FETCH_HEAD
Already up to date.
[AutoSync] launching swarm...
=== [1] Install GitHub CLI if missing ===
=== [2] Download .env from GitHub Actions artifact ===
To get started with GitHub CLI, please run:  gh auth login
Alternatively, populate the GH_TOKEN environment variable with a GitHub API authentication token.
[AutoSync] Thu Aug 21 03:00:01 PM EDT 2025 - pulling latest Genesis...
From github.com:InfinityXone/Genesis
 * branch            master     -> FETCH_HEAD
Already up to date.
[AutoSync] launching swarm...
=== [1] Install GitHub CLI if missing ===
=== [2] Download .env from GitHub Actions artifact ===
To get started with GitHub CLI, please run:  gh auth login
Alternatively, populate the GH_TOKEN environment variable with a GitHub API authentication token.
[AutoSync] Thu Aug 21 03:15:01 PM EDT 2025 - pulling latest Genesis...
From github.com:InfinityXone/Genesis
 * branch            master     -> FETCH_HEAD
Already up to date.
[AutoSync] launching swarm...
=== [1] Install GitHub CLI if missing ===
=== [2] Download .env from GitHub Actions artifact ===
To get started with GitHub CLI, please run:  gh auth login
Alternatively, populate the GH_TOKEN environment variable with a GitHub API authentication token.
[AutoSync] Thu Aug 21 03:30:02 PM EDT 2025 - pulling latest Genesis...
From github.com:InfinityXone/Genesis
 * branch            master     -> FETCH_HEAD
Already up to date.
[AutoSync] launching swarm...
=== [1] Install GitHub CLI if missing ===
=== [2] Download .env from GitHub Actions artifact ===
To get started with GitHub CLI, please run:  gh auth login
Alternatively, populate the GH_TOKEN environment variable with a GitHub API authentication token.
[AutoSync] Thu Aug 21 03:45:01 PM EDT 2025 - pulling latest Genesis...
From github.com:InfinityXone/Genesis
 * branch            master     -> FETCH_HEAD
Already up to date.
[AutoSync] launching swarm...
=== [1] Install GitHub CLI if missing ===
=== [2] Download .env from GitHub Actions artifact ===
To get started with GitHub CLI, please run:  gh auth login
Alternatively, populate the GH_TOKEN environment variable with a GitHub API authentication token.
[AutoSync] Thu Aug 21 04:00:01 PM EDT 2025 - pulling latest Genesis...
From github.com:InfinityXone/Genesis
 * branch            master     -> FETCH_HEAD
Already up to date.
[AutoSync] launching swarm...
=== [1] Install GitHub CLI if missing ===
=== [2] Download .env from GitHub Actions artifact ===
To get started with GitHub CLI, please run:  gh auth login
Alternatively, populate the GH_TOKEN environment variable with a GitHub API authentication token.
[AutoSync] Thu Aug 21 04:15:01 PM EDT 2025 - pulling latest Genesis...
From github.com:InfinityXone/Genesis
 * branch            master     -> FETCH_HEAD
Already up to date.
[AutoSync] launching swarm...
=== [1] Install GitHub CLI if missing ===
=== [2] Download .env from GitHub Actions artifact ===
To get started with GitHub CLI, please run:  gh auth login
Alternatively, populate the GH_TOKEN environment variable with a GitHub API authentication token.
[AutoSync] Thu Aug 21 04:30:01 PM EDT 2025 - pulling latest Genesis...
From github.com:InfinityXone/Genesis
 * branch            master     -> FETCH_HEAD
Already up to date.
[AutoSync] launching swarm...
=== [1] Install GitHub CLI if missing ===
=== [2] Download .env from GitHub Actions artifact ===
To get started with GitHub CLI, please run:  gh auth login
Alternatively, populate the GH_TOKEN environment variable with a GitHub API authentication token.
[AutoSync] Thu Aug 21 04:45:01 PM EDT 2025 - pulling latest Genesis...
From github.com:InfinityXone/Genesis
 * branch            master     -> FETCH_HEAD
Already up to date.
[AutoSync] launching swarm...
=== [1] Install GitHub CLI if missing ===
=== [2] Download .env from GitHub Actions artifact ===
To get started with GitHub CLI, please run:  gh auth login
Alternatively, populate the GH_TOKEN environment variable with a GitHub API authentication token.
[AutoSync] Thu Aug 21 05:00:01 PM EDT 2025 - pulling latest Genesis...
From github.com:InfinityXone/Genesis
 * branch            master     -> FETCH_HEAD
Already up to date.
[AutoSync] launching swarm...
=== [1] Install GitHub CLI if missing ===
=== [2] Download .env from GitHub Actions artifact ===
To get started with GitHub CLI, please run:  gh auth login
Alternatively, populate the GH_TOKEN environment variable with a GitHub API authentication token.
[AutoSync] Thu Aug 21 05:15:01 PM EDT 2025 - pulling latest Genesis...
From github.com:InfinityXone/Genesis
 * branch            master     -> FETCH_HEAD
Already up to date.
[AutoSync] launching swarm...
=== [1] Install GitHub CLI if missing ===
=== [2] Download .env from GitHub Actions artifact ===
To get started with GitHub CLI, please run:  gh auth login
Alternatively, populate the GH_TOKEN environment variable with a GitHub API authentication token.
[AutoSync] Thu Aug 21 05:30:02 PM EDT 2025 - pulling latest Genesis...
From github.com:InfinityXone/Genesis
 * branch            master     -> FETCH_HEAD
Already up to date.
[AutoSync] launching swarm...
=== [1] Install GitHub CLI if missing ===
=== [2] Download .env from GitHub Actions artifact ===
To get started with GitHub CLI, please run:  gh auth login
Alternatively, populate the GH_TOKEN environment variable with a GitHub API authentication token.
[AutoSync] Thu Aug 21 05:45:01 PM EDT 2025 - pulling latest Genesis...
From github.com:InfinityXone/Genesis
 * branch            master     -> FETCH_HEAD
Already up to date.
[AutoSync] launching swarm...
=== [1] Install GitHub CLI if missing ===
=== [2] Download .env from GitHub Actions artifact ===
To get started with GitHub CLI, please run:  gh auth login
Alternatively, populate the GH_TOKEN environment variable with a GitHub API authentication token.
[AutoSync] Thu Aug 21 06:00:02 PM EDT 2025 - pulling latest Genesis...
From github.com:InfinityXone/Genesis
 * branch            master     -> FETCH_HEAD
Already up to date.
[AutoSync] launching swarm...
=== [1] Install GitHub CLI if missing ===
=== [2] Download .env from GitHub Actions artifact ===
To get started with GitHub CLI, please run:  gh auth login
Alternatively, populate the GH_TOKEN environment variable with a GitHub API authentication token.
[AutoSync] Thu Aug 21 06:15:01 PM EDT 2025 - pulling latest Genesis...
From github.com:InfinityXone/Genesis
 * branch            master     -> FETCH_HEAD
Already up to date.
[AutoSync] launching swarm...
=== [1] Install GitHub CLI if missing ===
=== [2] Download .env from GitHub Actions artifact ===
To get started with GitHub CLI, please run:  gh auth login
Alternatively, populate the GH_TOKEN environment variable with a GitHub API authentication token.
[AutoSync] Thu Aug 21 06:31:06 PM EDT 2025 - pulling latest Genesis...
ssh: connect to host github.com port 22: Network is unreachable
fatal: Could not read from remote repository.

Please make sure you have the correct access rights
and the repository exists.
[AutoSync] launching swarm...
=== [1] Install GitHub CLI if missing ===
=== [2] Download .env from GitHub Actions artifact ===
To get started with GitHub CLI, please run:  gh auth login
Alternatively, populate the GH_TOKEN environment variable with a GitHub API authentication token.
[AutoSync] Thu Aug 21 06:45:02 PM EDT 2025 - pulling latest Genesis...
From github.com:InfinityXone/Genesis
 * branch            master     -> FETCH_HEAD
Already up to date.
[AutoSync] launching swarm...
=== [1] Install GitHub CLI if missing ===
=== [2] Download .env from GitHub Actions artifact ===
To get started with GitHub CLI, please run:  gh auth login
Alternatively, populate the GH_TOKEN environment variable with a GitHub API authentication token.
[AutoSync] Thu Aug 21 07:00:01 PM EDT 2025 - pulling latest Genesis...
From github.com:InfinityXone/Genesis
 * branch            master     -> FETCH_HEAD
Already up to date.
[AutoSync] launching swarm...
=== [1] Install GitHub CLI if missing ===
=== [2] Download .env from GitHub Actions artifact ===
To get started with GitHub CLI, please run:  gh auth login
Alternatively, populate the GH_TOKEN environment variable with a GitHub API authentication token.
