[Healthcheck] Thu Aug 21 02:00:02 AM EDT 2025 - Only 0 bots running — restarting swarm...
=== [1] Pull Genesis repo ===
From github.com:InfinityXone/Genesis
 * branch            master     -> FETCH_HEAD
Already up to date.
=== [2] Download latest .env artifact ===
To get started with GitHub CLI, please run:  gh auth login
Alternatively, populate the GH_TOKEN environment variable with a GitHub API authentication token.
[Healthcheck] Thu Aug 21 02:50:02 AM EDT 2025 - Only 1 bots — topping back to 100...
=== [1] Install GitHub CLI if missing ===
=== [2] Download .env from GitHub Actions artifact ===
To get started with GitHub CLI, please run:  gh auth login
Alternatively, populate the GH_TOKEN environment variable with a GitHub API authentication token.
[Healthcheck] Thu Aug 21 09:10:02 AM EDT 2025 - Only 1 bots — topping back to 100...
=== [1] Install GitHub CLI if missing ===
=== [2] Download .env from GitHub Actions artifact ===
To get started with GitHub CLI, please run:  gh auth login
Alternatively, populate the GH_TOKEN environment variable with a GitHub API authentication token.
[Healthcheck] Thu Aug 21 09:20:02 AM EDT 2025 - Only 1 bots — topping back to 100...
=== [1] Install GitHub CLI if missing ===
=== [2] Download .env from GitHub Actions artifact ===
To get started with GitHub CLI, please run:  gh auth login
Alternatively, populate the GH_TOKEN environment variable with a GitHub API authentication token.
[Healthcheck] Thu Aug 21 09:30:03 AM EDT 2025 - Only 1 bots — topping back to 100...
=== [1] Install GitHub CLI if missing ===
=== [2] Download .env from GitHub Actions artifact ===
To get started with GitHub CLI, please run:  gh auth login
Alternatively, populate the GH_TOKEN environment variable with a GitHub API authentication token.
[Healthcheck] Thu Aug 21 09:40:02 AM EDT 2025 - Only 1 bots — topping back to 100...
=== [1] Install GitHub CLI if missing ===
=== [2] Download .env from GitHub Actions artifact ===
To get started with GitHub CLI, please run:  gh auth login
Alternatively, populate the GH_TOKEN environment variable with a GitHub API authentication token.
[Healthcheck] Thu Aug 21 09:50:02 AM EDT 2025 - Only 1 bots — topping back to 100...
=== [1] Install GitHub CLI if missing ===
=== [2] Download .env from GitHub Actions artifact ===
To get started with GitHub CLI, please run:  gh auth login
Alternatively, populate the GH_TOKEN environment variable with a GitHub API authentication token.
[Healthcheck] Thu Aug 21 10:00:06 AM EDT 2025 - Only 1 bots — topping back to 100...
=== [1] Install GitHub CLI if missing ===
=== [2] Download .env from GitHub Actions artifact ===
To get started with GitHub CLI, please run:  gh auth login
Alternatively, populate the GH_TOKEN environment variable with a GitHub API authentication token.
[Healthcheck] Thu Aug 21 10:10:04 AM EDT 2025 - Only 1 bots — topping back to 100...
=== [1] Install GitHub CLI if missing ===
=== [2] Download .env from GitHub Actions artifact ===
To get started with GitHub CLI, please run:  gh auth login
Alternatively, populate the GH_TOKEN environment variable with a GitHub API authentication token.
[Healthcheck] Thu Aug 21 10:20:02 AM EDT 2025 - Only 1 bots — topping back to 100...
=== [1] Install GitHub CLI if missing ===
=== [2] Download .env from GitHub Actions artifact ===
To get started with GitHub CLI, please run:  gh auth login
Alternatively, populate the GH_TOKEN environment variable with a GitHub API authentication token.
[Healthcheck] Thu Aug 21 10:30:03 AM EDT 2025 - Only 1 bots — topping back to 100...
=== [1] Install GitHub CLI if missing ===
=== [2] Download .env from GitHub Actions artifact ===
To get started with GitHub CLI, please run:  gh auth login
Alternatively, populate the GH_TOKEN environment variable with a GitHub API authentication token.
[Healthcheck] Thu Aug 21 10:40:09 AM EDT 2025 - Only 1 bots — topping back to 100...
=== [1] Install GitHub CLI if missing ===
=== [2] Download .env from GitHub Actions artifact ===
To get started with GitHub CLI, please run:  gh auth login
Alternatively, populate the GH_TOKEN environment variable with a GitHub API authentication token.
[Healthcheck] Thu Aug 21 10:50:13 AM EDT 2025 - Only 1 bots — topping back to 100...
=== [1] Install GitHub CLI if missing ===
=== [2] Download .env from GitHub Actions artifact ===
To get started with GitHub CLI, please run:  gh auth login
Alternatively, populate the GH_TOKEN environment variable with a GitHub API authentication token.
[Healthcheck] Thu Aug 21 11:00:02 AM EDT 2025 - Only 1 bots — topping back to 100...
=== [1] Install GitHub CLI if missing ===
=== [2] Download .env from GitHub Actions artifact ===
To get started with GitHub CLI, please run:  gh auth login
Alternatively, populate the GH_TOKEN environment variable with a GitHub API authentication token.
[Healthcheck] Thu Aug 21 11:10:07 AM EDT 2025 - Only 1 bots — topping back to 100...
=== [1] Install GitHub CLI if missing ===
=== [2] Download .env from GitHub Actions artifact ===
To get started with GitHub CLI, please run:  gh auth login
Alternatively, populate the GH_TOKEN environment variable with a GitHub API authentication token.
[Healthcheck] Thu Aug 21 11:20:03 AM EDT 2025 - Only 1 bots — topping back to 100...
=== [1] Install GitHub CLI if missing ===
=== [2] Download .env from GitHub Actions artifact ===
To get started with GitHub CLI, please run:  gh auth login
Alternatively, populate the GH_TOKEN environment variable with a GitHub API authentication token.
[Healthcheck] Thu Aug 21 11:30:03 AM EDT 2025 - Only 1 bots — topping back to 100...
=== [1] Install GitHub CLI if missing ===
=== [2] Download .env from GitHub Actions artifact ===
To get started with GitHub CLI, please run:  gh auth login
Alternatively, populate the GH_TOKEN environment variable with a GitHub API authentication token.
[Healthcheck] Thu Aug 21 11:54:19 AM EDT 2025 - Only 1 bots — topping back to 100...
=== [1] Install GitHub CLI if missing ===
=== [2] Download .env from GitHub Actions artifact ===
To get started with GitHub CLI, please run:  gh auth login
Alternatively, populate the GH_TOKEN environment variable with a GitHub API authentication token.
[Healthcheck] Thu Aug 21 12:04:26 PM EDT 2025 - Only 1 bots — topping back to 100...
=== [1] Install GitHub CLI if missing ===
=== [2] Download .env from GitHub Actions artifact ===
To get started with GitHub CLI, please run:  gh auth login
Alternatively, populate the GH_TOKEN environment variable with a GitHub API authentication token.
[Healthcheck] Thu Aug 21 12:12:41 PM EDT 2025 - Only 1 bots — topping back to 100...
=== [1] Install GitHub CLI if missing ===
=== [2] Download .env from GitHub Actions artifact ===
To get started with GitHub CLI, please run:  gh auth login
Alternatively, populate the GH_TOKEN environment variable with a GitHub API authentication token.
[Healthcheck] Thu Aug 21 12:31:15 PM EDT 2025 - Only 1 bots — topping back to 100...
=== [1] Install GitHub CLI if missing ===
=== [2] Download .env from GitHub Actions artifact ===
[Healthcheck] Thu Aug 21 12:31:44 PM EDT 2025 - Only 1 bots — topping back to 100...
=== [1] Install GitHub CLI if missing ===
=== [2] Download .env from GitHub Actions artifact ===
To get started with GitHub CLI, please run:  gh auth login
Alternatively, populate the GH_TOKEN environment variable with a GitHub API authentication token.
To get started with GitHub CLI, please run:  gh auth login
Alternatively, populate the GH_TOKEN environment variable with a GitHub API authentication token.
[Healthcheck] Thu Aug 21 12:40:20 PM EDT 2025 - Only 1 bots — topping back to 100...
=== [1] Install GitHub CLI if missing ===
=== [2] Download .env from GitHub Actions artifact ===
To get started with GitHub CLI, please run:  gh auth login
Alternatively, populate the GH_TOKEN environment variable with a GitHub API authentication token.
ps: Unable to get system boot time
